17-01-19_17:22:54 (main) INFO  [DataNucleus.Enhancer] - DataNucleus Enhancer (versión 5.1.11) para el API "JDO" utilisando el JRE "{2}"
17-01-19_17:22:54 (main) INFO  [DataNucleus.Enhancer] - Escribiendo el archivo de clase "C:\SD\EasyBooking_Server\bin\easyBookingData\Airport.class" con definicion enhanced
17-01-19_17:22:54 (main) INFO  [DataNucleus.Enhancer] - Escribiendo el archivo de clase "C:\SD\EasyBooking_Server\bin\easyBookingData\Flight.class" con definicion enhanced
17-01-19_17:22:54 (main) INFO  [DataNucleus.Enhancer] - Escribiendo el archivo de clase "C:\SD\EasyBooking_Server\bin\easyBookingData\Reservation.class" con definicion enhanced
17-01-19_17:22:54 (main) INFO  [DataNucleus.Enhancer] - Escribiendo el archivo de clase "C:\SD\EasyBooking_Server\bin\easyBookingData\User.class" con definicion enhanced
17-01-19_17:22:54 (main) INFO  [DataNucleus.Enhancer] - DataNucleus Enhancer ha terminado con exito para 4 clases.
17-01-19_17:22:55 (main) INFO  [DataNucleus.SchemaTool] - DataNucleus SchemaTool : Creación del esquema para clases
17-01-19_17:22:55 (main) INFO  [DataNucleus.SchemaTool] - DataNucleus SchemaTool : Classpath
17-01-19_17:22:55 (main) INFO  [DataNucleus.SchemaTool] - >>  C:\SD\EasyBooking_Server\lib\Airlines.jar
17-01-19_17:22:55 (main) INFO  [DataNucleus.SchemaTool] - >>  C:\SD\EasyBooking_Server\lib\Authorization.jar
17-01-19_17:22:55 (main) INFO  [DataNucleus.SchemaTool] - >>  C:\SD\EasyBooking_Server\lib\Payment.jar
17-01-19_17:22:55 (main) INFO  [DataNucleus.SchemaTool] - >>  C:\SD\EasyBooking_Server\lib\datanucleus-api-jdo-5.1.9.jar
17-01-19_17:22:55 (main) INFO  [DataNucleus.SchemaTool] - >>  C:\SD\EasyBooking_Server\lib\datanucleus-cache-5.1.1.jar
17-01-19_17:22:55 (main) INFO  [DataNucleus.SchemaTool] - >>  C:\SD\EasyBooking_Server\lib\datanucleus-core-5.1.11.jar
17-01-19_17:22:55 (main) INFO  [DataNucleus.SchemaTool] - >>  C:\SD\EasyBooking_Server\lib\datanucleus-rdbms-5.1.11.jar
17-01-19_17:22:55 (main) INFO  [DataNucleus.SchemaTool] - >>  C:\SD\EasyBooking_Server\lib\javax.jdo-3.2.0-m8.jar
17-01-19_17:22:55 (main) INFO  [DataNucleus.SchemaTool] - >>  C:\SD\EasyBooking_Server\lib\log4j-1.2.14.jar
17-01-19_17:22:55 (main) INFO  [DataNucleus.SchemaTool] - >>  C:\SD\EasyBooking_Server\lib\mysql-connector-java-8.0.12.jar
17-01-19_17:22:55 (main) INFO  [DataNucleus.SchemaTool] - >>  C:\SD\EasyBooking_Server\bin
17-01-19_17:22:55 (main) INFO  [DataNucleus.SchemaTool] - >>  C:\SD\EasyBooking_Server\resources
17-01-19_17:22:56 (main) WARN  [DataNucleus.Datastore] - Default type for java type of java.math.BigInteger was previously jdbc-type=NUMERIC but this is not provided by the JDBC driver! Please report this to the DataNucleus developers
17-01-19_17:22:56 (main) INFO  [DataNucleus.SchemaTool] - DataNucleus SchemaTool : Ficheros
17-01-19_17:22:56 (main) INFO  [DataNucleus.SchemaTool] - >>  C:\SD\EasyBooking_Server\bin\airlines\AirlineService.class
17-01-19_17:22:56 (main) INFO  [DataNucleus.SchemaTool] - >>  C:\SD\EasyBooking_Server\bin\airlines\IAirlineService.class
17-01-19_17:22:56 (main) INFO  [DataNucleus.SchemaTool] - >>  C:\SD\EasyBooking_Server\bin\airlines\IberiaGateway.class
17-01-19_17:22:56 (main) INFO  [DataNucleus.SchemaTool] - >>  C:\SD\EasyBooking_Server\bin\airlines\VuelingGateway.class
17-01-19_17:22:56 (main) INFO  [DataNucleus.SchemaTool] - >>  C:\SD\EasyBooking_Server\bin\authorization\AuthorizationService.class
17-01-19_17:22:56 (main) INFO  [DataNucleus.SchemaTool] - >>  C:\SD\EasyBooking_Server\bin\authorization\FacebookGateway.class
17-01-19_17:22:56 (main) INFO  [DataNucleus.SchemaTool] - >>  C:\SD\EasyBooking_Server\bin\authorization\GoogleGateway.class
17-01-19_17:22:56 (main) INFO  [DataNucleus.SchemaTool] - >>  C:\SD\EasyBooking_Server\bin\authorization\IAuthorizationService.class
17-01-19_17:22:56 (main) INFO  [DataNucleus.SchemaTool] - >>  C:\SD\EasyBooking_Server\bin\dao\IUserDAO.class
17-01-19_17:22:56 (main) INFO  [DataNucleus.SchemaTool] - >>  C:\SD\EasyBooking_Server\bin\dao\UserDAO.class
17-01-19_17:22:56 (main) INFO  [DataNucleus.SchemaTool] - >>  C:\SD\EasyBooking_Server\bin\dto\FlightAssembler.class
17-01-19_17:22:56 (main) INFO  [DataNucleus.SchemaTool] - >>  C:\SD\EasyBooking_Server\bin\dto\FlightDTO.class
17-01-19_17:22:56 (main) INFO  [DataNucleus.SchemaTool] - >>  C:\SD\EasyBooking_Server\bin\easyBookingData\Airport.class
17-01-19_17:22:56 (main) INFO  [DataNucleus.SchemaTool] - >>  C:\SD\EasyBooking_Server\bin\easyBookingData\Flight.class
17-01-19_17:22:56 (main) INFO  [DataNucleus.SchemaTool] - >>  C:\SD\EasyBooking_Server\bin\easyBookingData\Reservation.class
17-01-19_17:22:56 (main) INFO  [DataNucleus.SchemaTool] - >>  C:\SD\EasyBooking_Server\bin\easyBookingData\User.class
17-01-19_17:22:56 (main) INFO  [DataNucleus.SchemaTool] - >>  C:\SD\EasyBooking_Server\bin\payment\IPaymentService.class
17-01-19_17:22:56 (main) INFO  [DataNucleus.SchemaTool] - >>  C:\SD\EasyBooking_Server\bin\payment\PayPalGateway.class
17-01-19_17:22:56 (main) INFO  [DataNucleus.SchemaTool] - >>  C:\SD\EasyBooking_Server\bin\payment\PaymentService.class
17-01-19_17:22:56 (main) INFO  [DataNucleus.SchemaTool] - >>  C:\SD\EasyBooking_Server\bin\payment\VisaGateway.class
17-01-19_17:22:56 (main) INFO  [DataNucleus.SchemaTool] - >>  C:\SD\EasyBooking_Server\bin\remote\EasyBookingRemoteFacade.class
17-01-19_17:22:56 (main) INFO  [DataNucleus.SchemaTool] - >>  C:\SD\EasyBooking_Server\bin\remote\IEasyBookingRemoteFacade.class
17-01-19_17:22:56 (main) INFO  [DataNucleus.SchemaTool] - >>  C:\SD\EasyBooking_Server\bin\server\EasyBookingServer.class
17-01-19_17:22:57 (main) ERROR [DataNucleus.Datastore] - Una excepcion estaba tirada durante la addicion/validacion de algunas class(es) : Cannot add foreign key constraint
java.sql.SQLException: Cannot add foreign key constraint
	at com.mysql.cj.jdbc.exceptions.SQLError.createSQLException(SQLError.java:129)
	at com.mysql.cj.jdbc.exceptions.SQLError.createSQLException(SQLError.java:97)
	at com.mysql.cj.jdbc.exceptions.SQLExceptionsMapping.translateException(SQLExceptionsMapping.java:122)
	at com.mysql.cj.jdbc.StatementImpl.executeInternal(StatementImpl.java:781)
	at com.mysql.cj.jdbc.StatementImpl.execute(StatementImpl.java:666)
	at org.datanucleus.store.rdbms.datasource.dbcp2.DelegatingStatement.execute(DelegatingStatement.java:291)
	at org.datanucleus.store.rdbms.datasource.dbcp2.DelegatingStatement.execute(DelegatingStatement.java:291)
	at org.datanucleus.store.rdbms.table.AbstractTable.executeDdlStatement(AbstractTable.java:849)
	at org.datanucleus.store.rdbms.table.TableImpl.createForeignKeys(TableImpl.java:516)
	at org.datanucleus.store.rdbms.table.TableImpl.createConstraints(TableImpl.java:419)
	at org.datanucleus.store.rdbms.RDBMSStoreManager$ClassAdder.performTablesValidation(RDBMSStoreManager.java:3533)
	at org.datanucleus.store.rdbms.RDBMSStoreManager$ClassAdder.run(RDBMSStoreManager.java:2974)
	at org.datanucleus.store.rdbms.AbstractSchemaTransaction.execute(AbstractSchemaTransaction.java:118)
	at org.datanucleus.store.rdbms.RDBMSStoreManager.createSchemaForClasses(RDBMSStoreManager.java:3951)
	at org.datanucleus.store.schema.SchemaTool.createSchemaForClasses(SchemaTool.java:510)
	at org.datanucleus.store.schema.SchemaTool.main(SchemaTool.java:426)

17-01-19_17:22:57 (main) ERROR [DataNucleus.SchemaTool] - DataNucleus SchemaTool ha lanzado una excepción. Por favor consulte el Log para ver más detalles: Hemos encontrado unos errores durante la validación o creación de las tablas. Los errores estan en el log, y estan adjuntados a esta excepción.
Hemos encontrado unos errores durante la validación o creación de las tablas. Los errores estan en el log, y estan adjuntados a esta excepción.
org.datanucleus.exceptions.NucleusDataStoreException: Hemos encontrado unos errores durante la validación o creación de las tablas. Los errores estan en el log, y estan adjuntados a esta excepción.
	at org.datanucleus.store.rdbms.RDBMSStoreManager$ClassAdder.run(RDBMSStoreManager.java:3007)
	at org.datanucleus.store.rdbms.AbstractSchemaTransaction.execute(AbstractSchemaTransaction.java:118)
	at org.datanucleus.store.rdbms.RDBMSStoreManager.createSchemaForClasses(RDBMSStoreManager.java:3951)
	at org.datanucleus.store.schema.SchemaTool.createSchemaForClasses(SchemaTool.java:510)
	at org.datanucleus.store.schema.SchemaTool.main(SchemaTool.java:426)
Caused by: java.sql.SQLException: Cannot add foreign key constraint
	at com.mysql.cj.jdbc.exceptions.SQLError.createSQLException(SQLError.java:129)
	at com.mysql.cj.jdbc.exceptions.SQLError.createSQLException(SQLError.java:97)
	at com.mysql.cj.jdbc.exceptions.SQLExceptionsMapping.translateException(SQLExceptionsMapping.java:122)
	at com.mysql.cj.jdbc.StatementImpl.executeInternal(StatementImpl.java:781)
	at com.mysql.cj.jdbc.StatementImpl.execute(StatementImpl.java:666)
	at org.datanucleus.store.rdbms.datasource.dbcp2.DelegatingStatement.execute(DelegatingStatement.java:291)
	at org.datanucleus.store.rdbms.datasource.dbcp2.DelegatingStatement.execute(DelegatingStatement.java:291)
	at org.datanucleus.store.rdbms.table.AbstractTable.executeDdlStatement(AbstractTable.java:849)
	at org.datanucleus.store.rdbms.table.TableImpl.createForeignKeys(TableImpl.java:516)
	at org.datanucleus.store.rdbms.table.TableImpl.createConstraints(TableImpl.java:419)
	at org.datanucleus.store.rdbms.RDBMSStoreManager$ClassAdder.performTablesValidation(RDBMSStoreManager.java:3533)
	at org.datanucleus.store.rdbms.RDBMSStoreManager$ClassAdder.run(RDBMSStoreManager.java:2974)
	... 4 more
Nested Throwables StackTrace:
java.sql.SQLException: Cannot add foreign key constraint
	at com.mysql.cj.jdbc.exceptions.SQLError.createSQLException(SQLError.java:129)
	at com.mysql.cj.jdbc.exceptions.SQLError.createSQLException(SQLError.java:97)
	at com.mysql.cj.jdbc.exceptions.SQLExceptionsMapping.translateException(SQLExceptionsMapping.java:122)
	at com.mysql.cj.jdbc.StatementImpl.executeInternal(StatementImpl.java:781)
	at com.mysql.cj.jdbc.StatementImpl.execute(StatementImpl.java:666)
	at org.datanucleus.store.rdbms.datasource.dbcp2.DelegatingStatement.execute(DelegatingStatement.java:291)
	at org.datanucleus.store.rdbms.datasource.dbcp2.DelegatingStatement.execute(DelegatingStatement.java:291)
	at org.datanucleus.store.rdbms.table.AbstractTable.executeDdlStatement(AbstractTable.java:849)
	at org.datanucleus.store.rdbms.table.TableImpl.createForeignKeys(TableImpl.java:516)
	at org.datanucleus.store.rdbms.table.TableImpl.createConstraints(TableImpl.java:419)
	at org.datanucleus.store.rdbms.RDBMSStoreManager$ClassAdder.performTablesValidation(RDBMSStoreManager.java:3533)
	at org.datanucleus.store.rdbms.RDBMSStoreManager$ClassAdder.run(RDBMSStoreManager.java:2974)
	at org.datanucleus.store.rdbms.AbstractSchemaTransaction.execute(AbstractSchemaTransaction.java:118)
	at org.datanucleus.store.rdbms.RDBMSStoreManager.createSchemaForClasses(RDBMSStoreManager.java:3951)
	at org.datanucleus.store.schema.SchemaTool.createSchemaForClasses(SchemaTool.java:510)
	at org.datanucleus.store.schema.SchemaTool.main(SchemaTool.java:426)
